\BOOKMARK [1][-]{section*.1}{\376\377\000A\000G\000R\000I\000T\000E\000C\000H\000\040\000C\000H\000E\000C\000K\000\040\040\023\000\040\000Y\000O\000U\000R\000\040\000N\000E\000X\000T\000\040\000S\000T\000E\000P\000S}{}% 1
\BOOKMARK [2][-]{section*.3}{\376\377\000D\000I\000G\000I\000T\000A\000L\000\040\000F\000A\000R\000M\000\040\000M\000A\000P\000P\000I\000N\000G}{section*.1}% 2
\BOOKMARK [3][-]{section*.4}{\376\377\000W\000h\000a\000t\000\040\000a\000r\000e\000\040\000t\000h\000e\000\040\000b\000e\000n\000e\000f\000i\000t\000s\000?}{section*.3}% 3
\BOOKMARK [3][-]{section*.5}{\376\377\000H\000o\000w\000\040\000s\000h\000o\000u\000l\000d\000\040\000I\000\040\000g\000o\000\040\000a\000b\000o\000u\000t\000\040\000g\000e\000t\000t\000i\000n\000g\000\040\000a\000\040\000d\000i\000g\000i\000t\000a\000l\000\040\000f\000a\000r\000m\000\040\000m\000a\000p\000?}{section*.3}% 4
\BOOKMARK [3][-]{section*.6}{\376\377\000W\000h\000e\000r\000e\000\040\000t\000o\000\040\000s\000t\000a\000r\000t\000?}{section*.3}% 5
\BOOKMARK [3][-]{section*.8}{\376\377\000W\000h\000a\000t\000\040\000q\000u\000e\000s\000t\000i\000o\000n\000s\000\040\000s\000h\000o\000u\000l\000d\000\040\000I\000\040\000a\000s\000k\000?}{section*.3}% 6
\BOOKMARK [2][-]{section*.9}{\376\377\000F\000E\000E\000D\000\040\000B\000A\000S\000E\000\040\000M\000O\000N\000I\000T\000O\000R\000I\000N\000G}{section*.1}% 7
\BOOKMARK [3][-]{section*.10}{\376\377\000W\000h\000a\000t\000\040\000a\000r\000e\000\040\000t\000h\000e\000\040\000b\000e\000n\000e\000f\000i\000t\000s\000?}{section*.9}% 8
\BOOKMARK [3][-]{section*.11}{\376\377\000H\000o\000w\000\040\000s\000h\000o\000u\000l\000d\000\040\000I\000\040\000g\000o\000\040\000a\000b\000o\000u\000t\000\040\000s\000e\000l\000e\000c\000t\000i\000n\000g\000\040\000a\000\040\000f\000e\000e\000d\000-\000b\000a\000s\000e\000\040\000m\000o\000n\000i\000t\000o\000r\000i\000n\000g\000,\000\040\000r\000e\000c\000o\000r\000d\000i\000n\000g\000,\000\040\000a\000n\000d\000\040\000m\000a\000n\000a\000g\000e\000m\000e\000n\000t\000\040\000s\000y\000s\000t\000e\000m\000?}{section*.9}% 9
\BOOKMARK [3][-]{section*.12}{\376\377\000G\000e\000t\000t\000i\000n\000g\000\040\000s\000t\000a\000r\000t\000e\000d}{section*.9}% 10
\BOOKMARK [3][-]{section*.16}{\376\377\000W\000h\000a\000t\000\040\000q\000u\000e\000s\000t\000i\000o\000n\000s\000\040\000s\000h\000o\000u\000l\000d\000\040\000I\000\040\000a\000s\000k\000?}{section*.9}% 11
\BOOKMARK [2][-]{section*.17}{\376\377\000D\000A\000T\000A\000\040\000M\000A\000N\000A\000G\000E\000M\000E\000N\000T}{section*.1}% 12
\BOOKMARK [3][-]{section*.18}{\376\377\000G\000e\000t\000t\000i\000n\000g\000\040\000s\000t\000a\000r\000t\000e\000d}{section*.17}% 13
\BOOKMARK [3][-]{section*.21}{\376\377\000W\000h\000a\000t\000\040\000q\000u\000e\000s\000t\000i\000o\000n\000s\000\040\000s\000h\000o\000u\000l\000d\000\040\000I\000\040\000a\000s\000k\000?}{section*.17}% 14
\BOOKMARK [2][-]{section*.22}{\376\377\000H\000E\000R\000D\000\040\000A\000N\000D\000\040\000A\000N\000I\000M\000A\000L\000\040\000P\000R\000O\000D\000U\000C\000T\000I\000O\000N\000\040\000D\000A\000T\000A\000\040\000R\000E\000C\000O\000R\000D\000I\000N\000G\000\040\000S\000Y\000S\000T\000E\000M\000S}{section*.1}% 15
\BOOKMARK [3][-]{section*.23}{\376\377\000W\000h\000a\000t\000\040\000a\000r\000e\000\040\000t\000h\000e\000\040\000b\000e\000n\000e\000f\000i\000t\000s\000?}{section*.22}% 16
\BOOKMARK [3][-]{section*.24}{\376\377\000W\000h\000e\000r\000e\000\040\000t\000o\000\040\000s\000t\000a\000r\000t\000?}{section*.22}% 17
\BOOKMARK [3][-]{section*.25}{\376\377\000W\000h\000o\000\040\000s\000u\000p\000p\000l\000i\000e\000s\000\040\000t\000h\000i\000s\000\040\000s\000e\000r\000v\000i\000c\000e\000?}{section*.22}% 18
\BOOKMARK [2][-]{section*.29}{\376\377\000O\000N\000-\000A\000N\000I\000M\000A\000L\000\040\000S\000E\000N\000S\000O\000R\000S\000\040\000A\000N\000D\000\040\000V\000I\000R\000T\000U\000A\000L\000\040\000F\000E\000N\000C\000I\000N\000G}{section*.1}% 19
\BOOKMARK [3][-]{section*.30}{\376\377\000W\000h\000a\000t\000\040\000a\000r\000e\000\040\000t\000h\000e\000\040\000b\000e\000n\000e\000f\000i\000t\000s\000?}{section*.29}% 20
\BOOKMARK [2][-]{section*.31}{\376\377\000O\000b\000j\000e\000c\000t\000i\000v\000e\000\040\000g\000e\000n\000e\000t\000i\000c\000\040\000m\000e\000a\000s\000u\000r\000e\000m\000e\000n\000t\000\040\000t\000o\000o\000l\000s}{section*.1}% 21
\BOOKMARK [3][-]{section*.32}{\376\377\000W\000h\000a\000t\000\040\000a\000r\000e\000\040\000t\000h\000e\000\040\000b\000e\000n\000e\000f\000i\000t\000s\000?}{section*.31}% 22
\BOOKMARK [3][-]{section*.33}{\376\377\000W\000h\000e\000r\000e\000\040\000d\000o\000\040\000I\000\040\000s\000t\000a\000r\000t\000?}{section*.31}% 23
\BOOKMARK [3][-]{section*.34}{\376\377\000W\000h\000e\000r\000e\000\040\000t\000o\000\040\000n\000e\000x\000t\000?}{section*.31}% 24
\BOOKMARK [3][-]{section*.38}{\376\377\000W\000h\000a\000t\000\040\000q\000u\000e\000s\000t\000i\000o\000n\000s\000\040\000s\000h\000o\000u\000l\000d\000\040\000I\000\040\000a\000s\000k\000?}{section*.31}% 25
\BOOKMARK [2][-]{section*.39}{\376\377\000F\000i\000n\000a\000n\000c\000i\000a\000l\000\040\000d\000a\000t\000a\000\040\000r\000e\000c\000o\000r\000d\000i\000n\000g\000\040\000a\000n\000d\000/\000o\000r\000\040\000a\000n\000a\000l\000y\000s\000i\000s}{section*.1}% 26
